<?xml version="1.0" encoding="UTF-8"?>
<!-- Generated by org.testng.reporters.JUnitReportReporter -->
<testsuite hostname="codespaces-ba9d88" failures="0" tests="1" name="com.example.tests.smoke.TC01_SmokeTest" time="0.000" errors="0" timestamp="2025-11-02T19:19:03 UTC" skipped="1">
  <testcase classname="com.example.tests.smoke.TC01_SmokeTest" name="testLocationSelection" time="0.000">
    <skipped/>
  </testcase> <!-- testLocationSelection -->
  <system-out/>
</testsuite> <!-- com.example.tests.smoke.TC01_SmokeTest -->
