<?xml version="1.0" encoding="UTF-8"?>
<!-- Generated by org.testng.reporters.JUnitXMLReporter -->
<testsuite ignored="1" hostname="codespaces-ba9d88" failures="0" tests="1" name="Surefire test" time="0.051" errors="0" timestamp="2025-11-02T19:19:03 UTC">
  <testcase classname="com.example.tests.BaseTest" name="@BeforeSuite setUp" time="0.05">
    <failure type="java.lang.IllegalStateException" message="It must be an executable file: /workspaces/DemoTestingFrameworkPOM/DemoTestingFrameworkPOM/src/main/resources/chromedriver">
      <![CDATA[java.lang.IllegalStateException: It must be an executable file: /workspaces/DemoTestingFrameworkPOM/DemoTestingFrameworkPOM/src/main/resources/chromedriver
at org.openqa.selenium.internal.Require.stateCondition(Require.java:253)
at org.openqa.selenium.remote.service.DriverService.checkExecutable(DriverService.java:145)
at org.openqa.selenium.remote.service.DriverService.findExecutable(DriverService.java:139)
at org.openqa.selenium.chrome.ChromeDriverService.access$000(ChromeDriverService.java:38)
at org.openqa.selenium.chrome.ChromeDriverService$Builder.findDefaultExecutable(ChromeDriverService.java:231)
at org.openqa.selenium.remote.service.DriverService$Builder.build(DriverService.java:434)
at org.openqa.selenium.chrome.ChromeDriverService.createServiceWithConfig(ChromeDriverService.java:141)
at org.openqa.selenium.chrome.ChromeDriver.<init>(ChromeDriver.java:80)
at com.example.utils.DriverFactory.initializeDriver(DriverFactory.java:31)
at com.example.tests.BaseTest.setUp(BaseTest.java:32)
... Removed 22 stack frames]]>
    </failure>
  </testcase> <!-- @BeforeSuite setUp -->
  <testcase classname="com.example.tests.smoke.TC01_SmokeTest" name="@BeforeClass setUp" time="-1.762111142981E9">
    <skipped/>
  </testcase> <!-- @BeforeClass setUp -->
  <testcase classname="com.example.tests.BaseTest" name="@BeforeMethod updateSetUp" time="-1.762111143011E9">
    <skipped/>
  </testcase> <!-- @BeforeMethod updateSetUp -->
  <testcase classname="com.example.tests.smoke.TC01_SmokeTest" name="testLocationSelection" time="0.0">
    <skipped/>
  </testcase> <!-- testLocationSelection -->
  <testcase classname="com.example.tests.BaseTest" name="@AfterSuite tearDown" time="0.0">
    <ignored/>
  </testcase> <!-- @AfterSuite tearDown -->
</testsuite> <!-- Surefire test -->
