<?xml version="1.0" encoding="UTF-8"?>
<testsuite xmlns:xsi="http://www.w3.org/2001/XMLSchema-instance" xsi:noNamespaceSchemaLocation="https://maven.apache.org/surefire/maven-surefire-plugin/xsd/surefire-test-report-3.0.xsd" version="3.0" name="TestSuite" time="0.62" tests="5" errors="0" skipped="4" failures="1">
  <properties>
[...]
</properties>
  <testcase name="setUp" classname="com.example.tests.BaseTest" time="0.334">
    <failure message="It must be an executable file: /workspaces/DemoTestingFrameworkPOM/DemoTestingFrameworkPOM/src/main/resources/chromedriver" type="java.lang.IllegalStateException"><![CDATA[java.lang.IllegalStateException: It must be an executable file: /workspaces/DemoTestingFrameworkPOM/DemoTestingFrameworkPOM/src/main/resources/chromedriver
	at org.openqa.selenium.internal.Require.stateCondition(Require.java:253)
	at org.openqa.selenium.remote.service.DriverService.checkExecutable(DriverService.java:145)
	at org.openqa.selenium.remote.service.DriverService.findExecutable(DriverService.java:139)
	at org.openqa.selenium.chrome.ChromeDriverService.access$000(ChromeDriverService.java:38)
	at org.openqa.selenium.chrome.ChromeDriverService$Builder.findDefaultExecutable(ChromeDriverService.java:231)
	at org.openqa.selenium.remote.service.DriverService$Builder.build(DriverService.java:434)
	at org.openqa.selenium.chrome.ChromeDriverService.createServiceWithConfig(ChromeDriverService.java:141)
	at org.openqa.selenium.chrome.ChromeDriver.<init>(ChromeDriver.java:80)
	at com.example.utils.DriverFactory.initializeDriver(DriverFactory.java:31)
	at com.example.tests.BaseTest.setUp(BaseTest.java:32)
	at java.base/jdk.internal.reflect.DirectMethodHandleAccessor.invoke(DirectMethodHandleAccessor.java:103)
	at java.base/java.lang.reflect.Method.invoke(Method.java:580)
	at org.testng.internal.MethodInvocationHelper.invokeMethod(MethodInvocationHelper.java:133)
	at org.testng.internal.MethodInvocationHelper.invokeMethodConsideringTimeout(MethodInvocationHelper.java:62)
	at org.testng.internal.ConfigInvoker.invokeConfigurationMethod(ConfigInvoker.java:385)
	at org.testng.internal.ConfigInvoker.invokeConfigurations(ConfigInvoker.java:321)
	at org.testng.SuiteRunner.privateRun(SuiteRunner.java:317)
	at org.testng.SuiteRunner.run(SuiteRunner.java:276)
	at org.testng.SuiteRunnerWorker.runSuite(SuiteRunnerWorker.java:53)
	at org.testng.SuiteRunnerWorker.run(SuiteRunnerWorker.java:96)
	at org.testng.TestNG.runSuitesSequentially(TestNG.java:1212)
	at org.testng.TestNG.runSuitesLocally(TestNG.java:1134)
	at org.testng.TestNG.runSuites(TestNG.java:1063)
	at org.testng.TestNG.run(TestNG.java:1031)
	at org.apache.maven.surefire.testng.TestNGExecutor.run(TestNGExecutor.java:155)
	at org.apache.maven.surefire.testng.TestNGDirectoryTestSuite.executeMulti(TestNGDirectoryTestSuite.java:169)
	at org.apache.maven.surefire.testng.TestNGDirectoryTestSuite.execute(TestNGDirectoryTestSuite.java:88)
	at org.apache.maven.surefire.testng.TestNGProvider.invoke(TestNGProvider.java:137)
	at org.apache.maven.surefire.booter.ForkedBooter.runSuitesInProcess(ForkedBooter.java:385)
	at org.apache.maven.surefire.booter.ForkedBooter.execute(ForkedBooter.java:162)
	at org.apache.maven.surefire.booter.ForkedBooter.run(ForkedBooter.java:507)
	at org.apache.maven.surefire.booter.ForkedBooter.main(ForkedBooter.java:495)
]]></failure>
    <system-out><![CDATA[Inside BaseTest setUp
Initializing driver for browser: chrome
]]></system-out>
  </testcase>
  <testcase name="setUp" classname="com.example.tests.smoke.TC01_SmokeTest" time="0.0">
    <skipped/>
  </testcase>
  <testcase name="updateSetUp" classname="com.example.tests.smoke.TC01_SmokeTest" time="0.0">
    <skipped/>
  </testcase>
  <testcase name="testLocationSelection" classname="com.example.tests.smoke.TC01_SmokeTest" time="0.0">
    <skipped message="It must be an executable file: /workspaces/DemoTestingFrameworkPOM/DemoTestingFrameworkPOM/src/main/resources/chromedriver"/>
  </testcase>
  <testcase name="tearDown" classname="com.example.tests.smoke.TC01_SmokeTest" time="0.0">
    <skipped/>
  </testcase>
</testsuite>